2024-10-28 [WARN] com.zaxxer.hikari.pool.HikariPool [HikariPool-75 housekeeper] HikariPool-75 - Thread starvation or clock leap detected (housekeeper delta=1m1s146ms78µs400ns).
2024-10-28 [WARN] com.zaxxer.hikari.pool.HikariPool [HikariPool-75 housekeeper] HikariPool-75 - Thread starvation or clock leap detected (housekeeper delta=4m19s749ms446µs400ns).
2024-10-28 [INFO] com.duelly.security.JwtAuthenticationFilter [http-nio-9000-exec-6] [USER] : true
2024-10-28 [INFO] org.springframework.boot.devtools.autoconfigure.LocalDevToolsAutoConfiguration$RestartingClassPathChangeChangedEventListener [File Watcher] Restarting due to 1 class path change (0 additions, 1 deletion, 0 modifications)
2024-10-28 [INFO] org.springframework.orm.jpa.LocalContainerEntityManagerFactoryBean [Thread-261] Closing JPA EntityManagerFactory for persistence unit 'default'
2024-10-28 [INFO] com.zaxxer.hikari.HikariDataSource [Thread-261] HikariPool-75 - Shutdown initiated...
2024-10-28 [INFO] com.zaxxer.hikari.HikariDataSource [Thread-261] HikariPool-75 - Shutdown completed.
2024-10-28 [INFO] com.duelly.DuellyApplication [restartedMain] Starting DuellyApplication using Java 21.0.1 with PID 16776 (C:\Users\Rishabh\Documents\Spring\duelly\target\classes started by Rishabh in C:\Users\Rishabh\Documents\Spring\duelly)
2024-10-28 [INFO] com.duelly.DuellyApplication [restartedMain] No active profile set, falling back to 1 default profile: "default"
2024-10-28 [INFO] org.springframework.data.repository.config.RepositoryConfigurationDelegate [restartedMain] Bootstrapping Spring Data JPA repositories in DEFAULT mode.
2024-10-28 [INFO] org.springframework.data.repository.config.RepositoryConfigurationDelegate [restartedMain] Finished Spring Data repository scanning in 430 ms. Found 4 JPA repository interfaces.
2024-10-28 [INFO] org.springframework.boot.web.embedded.tomcat.TomcatWebServer [restartedMain] Tomcat initialized with port 9000 (http)
2024-10-28 [INFO] org.apache.catalina.core.StandardService [restartedMain] Starting service [Tomcat]
2024-10-28 [INFO] org.apache.catalina.core.StandardEngine [restartedMain] Starting Servlet engine: [Apache Tomcat/10.1.18]
2024-10-28 [INFO] org.apache.catalina.core.ContainerBase.[Tomcat-43].[localhost].[/] [restartedMain] Initializing Spring embedded WebApplicationContext
2024-10-28 [INFO] org.springframework.boot.web.servlet.context.ServletWebServerApplicationContext [restartedMain] Root WebApplicationContext: initialization completed in 5213 ms
2024-10-28 [INFO] org.hibernate.jpa.internal.util.LogHelper [restartedMain] HHH000204: Processing PersistenceUnitInfo [name: default]
2024-10-28 [INFO] org.hibernate.cache.internal.RegionFactoryInitiator [restartedMain] HHH000026: Second-level cache disabled
2024-10-28 [INFO] org.springframework.orm.jpa.persistenceunit.SpringPersistenceUnitInfo [restartedMain] No LoadTimeWeaver setup: ignoring JPA class transformer
2024-10-28 [INFO] com.zaxxer.hikari.HikariDataSource [restartedMain] HikariPool-76 - Starting...
2024-10-28 [INFO] com.zaxxer.hikari.pool.HikariPool [restartedMain] HikariPool-76 - Added connection com.mysql.cj.jdbc.ConnectionImpl@4cdbf69e
2024-10-28 [INFO] com.zaxxer.hikari.HikariDataSource [restartedMain] HikariPool-76 - Start completed.
2024-10-28 [INFO] org.hibernate.engine.transaction.jta.platform.internal.JtaPlatformInitiator [restartedMain] HHH000489: No JTA platform available (set 'hibernate.transaction.jta.platform' to enable JTA platform integration)
2024-10-28 [INFO] org.springframework.orm.jpa.LocalContainerEntityManagerFactoryBean [restartedMain] Initialized JPA EntityManagerFactory for persistence unit 'default'
2024-10-28 [WARN] org.springframework.boot.web.servlet.context.AnnotationConfigServletWebServerApplicationContext [restartedMain] Exception encountered during context initialization - cancelling refresh attempt: org.springframework.beans.factory.UnsatisfiedDependencyException: Error creating bean with name 'challengeController' defined in file [C:\Users\Rishabh\Documents\Spring\duelly\target\classes\com\duelly\controllers\ChallengeController.class]: Unsatisfied dependency expressed through constructor parameter 0: No qualifying bean of type 'com.duelly.services.Challenge.ChallengeService' available: expected at least 1 bean which qualifies as autowire candidate. Dependency annotations: {}
2024-10-28 [INFO] org.springframework.orm.jpa.LocalContainerEntityManagerFactoryBean [restartedMain] Closing JPA EntityManagerFactory for persistence unit 'default'
2024-10-28 [INFO] com.zaxxer.hikari.HikariDataSource [restartedMain] HikariPool-76 - Shutdown initiated...
2024-10-28 [INFO] com.zaxxer.hikari.HikariDataSource [restartedMain] HikariPool-76 - Shutdown completed.
2024-10-28 [INFO] org.apache.catalina.core.StandardService [restartedMain] Stopping service [Tomcat]
2024-10-28 [INFO] org.springframework.boot.autoconfigure.logging.ConditionEvaluationReportLogger [restartedMain] 

Error starting ApplicationContext. To display the condition evaluation report re-run your application with 'debug' enabled.
2024-10-28 [ERROR] org.springframework.boot.diagnostics.LoggingFailureAnalysisReporter [restartedMain] 

***************************
APPLICATION FAILED TO START
***************************

Description:

Parameter 0 of constructor in com.duelly.controllers.ChallengeController required a bean of type 'com.duelly.services.Challenge.ChallengeService' that could not be found.


Action:

Consider defining a bean of type 'com.duelly.services.Challenge.ChallengeService' in your configuration.

2024-10-28 [INFO] com.duelly.DuellyApplication [restartedMain] Starting DuellyApplication using Java 21.0.1 with PID 16776 (C:\Users\Rishabh\Documents\Spring\duelly\target\classes started by Rishabh in C:\Users\Rishabh\Documents\Spring\duelly)
2024-10-28 [INFO] com.duelly.DuellyApplication [restartedMain] No active profile set, falling back to 1 default profile: "default"
2024-10-28 [INFO] org.springframework.data.repository.config.RepositoryConfigurationDelegate [restartedMain] Bootstrapping Spring Data JPA repositories in DEFAULT mode.
2024-10-28 [INFO] org.springframework.data.repository.config.RepositoryConfigurationDelegate [restartedMain] Finished Spring Data repository scanning in 195 ms. Found 4 JPA repository interfaces.
2024-10-28 [INFO] org.springframework.boot.web.embedded.tomcat.TomcatWebServer [restartedMain] Tomcat initialized with port 9000 (http)
2024-10-28 [INFO] org.apache.catalina.core.StandardService [restartedMain] Starting service [Tomcat]
2024-10-28 [INFO] org.apache.catalina.core.StandardEngine [restartedMain] Starting Servlet engine: [Apache Tomcat/10.1.18]
2024-10-28 [INFO] org.apache.catalina.core.ContainerBase.[Tomcat-44].[localhost].[/] [restartedMain] Initializing Spring embedded WebApplicationContext
2024-10-28 [INFO] org.springframework.boot.web.servlet.context.ServletWebServerApplicationContext [restartedMain] Root WebApplicationContext: initialization completed in 1950 ms
2024-10-28 [INFO] org.hibernate.jpa.internal.util.LogHelper [restartedMain] HHH000204: Processing PersistenceUnitInfo [name: default]
2024-10-28 [INFO] org.hibernate.cache.internal.RegionFactoryInitiator [restartedMain] HHH000026: Second-level cache disabled
2024-10-28 [INFO] org.springframework.orm.jpa.persistenceunit.SpringPersistenceUnitInfo [restartedMain] No LoadTimeWeaver setup: ignoring JPA class transformer
2024-10-28 [INFO] com.zaxxer.hikari.HikariDataSource [restartedMain] HikariPool-77 - Starting...
2024-10-28 [INFO] com.zaxxer.hikari.pool.HikariPool [restartedMain] HikariPool-77 - Added connection com.mysql.cj.jdbc.ConnectionImpl@42ca2621
2024-10-28 [INFO] com.zaxxer.hikari.HikariDataSource [restartedMain] HikariPool-77 - Start completed.
2024-10-28 [INFO] org.hibernate.engine.transaction.jta.platform.internal.JtaPlatformInitiator [restartedMain] HHH000489: No JTA platform available (set 'hibernate.transaction.jta.platform' to enable JTA platform integration)
2024-10-28 [INFO] org.springframework.orm.jpa.LocalContainerEntityManagerFactoryBean [restartedMain] Initialized JPA EntityManagerFactory for persistence unit 'default'
2024-10-28 [WARN] org.springframework.boot.autoconfigure.orm.jpa.JpaBaseConfiguration$JpaWebConfiguration [restartedMain] spring.jpa.open-in-view is enabled by default. Therefore, database queries may be performed during view rendering. Explicitly configure spring.jpa.open-in-view to disable this warning
2024-10-28 [INFO] org.springframework.security.web.DefaultSecurityFilterChain [restartedMain] Will secure any request with [org.springframework.security.web.session.DisableEncodeUrlFilter@696c57b6, org.springframework.security.web.context.request.async.WebAsyncManagerIntegrationFilter@1a164c83, org.springframework.security.web.context.SecurityContextHolderFilter@1c533f19, org.springframework.security.web.header.HeaderWriterFilter@40e7c87a, org.springframework.security.web.authentication.logout.LogoutFilter@7eb1b717, com.duelly.security.JwtAuthenticationFilter@6bedf2d9, org.springframework.security.web.savedrequest.RequestCacheAwareFilter@539d6c3, org.springframework.security.web.servletapi.SecurityContextHolderAwareRequestFilter@7be36a06, org.springframework.security.web.authentication.AnonymousAuthenticationFilter@16f498f5, org.springframework.security.web.session.SessionManagementFilter@53d30407, org.springframework.security.web.access.ExceptionTranslationFilter@57f9c159, org.springframework.security.web.access.intercept.AuthorizationFilter@7386f9b2]
2024-10-28 [INFO] org.springframework.boot.devtools.autoconfigure.OptionalLiveReloadServer [restartedMain] LiveReload server is running on port 35729
2024-10-28 [INFO] org.springframework.boot.web.embedded.tomcat.TomcatWebServer [restartedMain] Tomcat started on port 9000 (http) with context path ''
2024-10-28 [INFO] com.duelly.DuellyApplication [restartedMain] Started DuellyApplication in 5.752 seconds (process running for 41204.756)
2024-10-28 [INFO] org.springframework.boot.devtools.autoconfigure.ConditionEvaluationDeltaLoggingListener [restartedMain] Condition evaluation unchanged
2024-10-28 [INFO] org.apache.catalina.core.ContainerBase.[Tomcat-44].[localhost].[/] [http-nio-9000-exec-2] Initializing Spring DispatcherServlet 'dispatcherServlet'
2024-10-28 [INFO] org.springframework.web.servlet.DispatcherServlet [http-nio-9000-exec-2] Initializing Servlet 'dispatcherServlet'
2024-10-28 [INFO] org.springframework.web.servlet.DispatcherServlet [http-nio-9000-exec-2] Completed initialization in 2 ms
2024-10-28 [INFO] com.duelly.security.JwtAuthenticationFilter [http-nio-9000-exec-2] [USER] : true
2024-10-28 [INFO] org.springframework.boot.devtools.autoconfigure.LocalDevToolsAutoConfiguration$RestartingClassPathChangeChangedEventListener [File Watcher] Restarting due to 1 class path change (0 additions, 1 deletion, 0 modifications)
2024-10-28 [INFO] org.springframework.orm.jpa.LocalContainerEntityManagerFactoryBean [Thread-268] Closing JPA EntityManagerFactory for persistence unit 'default'
2024-10-28 [INFO] com.zaxxer.hikari.HikariDataSource [Thread-268] HikariPool-77 - Shutdown initiated...
2024-10-28 [INFO] com.zaxxer.hikari.HikariDataSource [Thread-268] HikariPool-77 - Shutdown completed.
2024-10-28 [INFO] com.duelly.DuellyApplication [restartedMain] Starting DuellyApplication using Java 21.0.1 with PID 16776 (C:\Users\Rishabh\Documents\Spring\duelly\target\classes started by Rishabh in C:\Users\Rishabh\Documents\Spring\duelly)
2024-10-28 [INFO] com.duelly.DuellyApplication [restartedMain] No active profile set, falling back to 1 default profile: "default"
2024-10-28 [INFO] org.springframework.data.repository.config.RepositoryConfigurationDelegate [restartedMain] Bootstrapping Spring Data JPA repositories in DEFAULT mode.
2024-10-28 [INFO] org.springframework.data.repository.config.RepositoryConfigurationDelegate [restartedMain] Finished Spring Data repository scanning in 72 ms. Found 4 JPA repository interfaces.
2024-10-28 [INFO] org.springframework.boot.web.embedded.tomcat.TomcatWebServer [restartedMain] Tomcat initialized with port 9000 (http)
2024-10-28 [INFO] org.apache.catalina.core.StandardService [restartedMain] Starting service [Tomcat]
2024-10-28 [INFO] org.apache.catalina.core.StandardEngine [restartedMain] Starting Servlet engine: [Apache Tomcat/10.1.18]
2024-10-28 [INFO] org.apache.catalina.core.ContainerBase.[Tomcat-44].[localhost].[/] [restartedMain] Initializing Spring embedded WebApplicationContext
2024-10-28 [INFO] org.springframework.boot.web.servlet.context.ServletWebServerApplicationContext [restartedMain] Root WebApplicationContext: initialization completed in 868 ms
2024-10-28 [INFO] org.hibernate.jpa.internal.util.LogHelper [restartedMain] HHH000204: Processing PersistenceUnitInfo [name: default]
2024-10-28 [INFO] org.hibernate.cache.internal.RegionFactoryInitiator [restartedMain] HHH000026: Second-level cache disabled
2024-10-28 [INFO] org.springframework.orm.jpa.persistenceunit.SpringPersistenceUnitInfo [restartedMain] No LoadTimeWeaver setup: ignoring JPA class transformer
2024-10-28 [INFO] com.zaxxer.hikari.HikariDataSource [restartedMain] HikariPool-78 - Starting...
2024-10-28 [INFO] com.zaxxer.hikari.pool.HikariPool [restartedMain] HikariPool-78 - Added connection com.mysql.cj.jdbc.ConnectionImpl@a183bd
2024-10-28 [INFO] com.zaxxer.hikari.HikariDataSource [restartedMain] HikariPool-78 - Start completed.
2024-10-28 [INFO] org.hibernate.engine.transaction.jta.platform.internal.JtaPlatformInitiator [restartedMain] HHH000489: No JTA platform available (set 'hibernate.transaction.jta.platform' to enable JTA platform integration)
2024-10-28 [INFO] org.springframework.orm.jpa.LocalContainerEntityManagerFactoryBean [restartedMain] Initialized JPA EntityManagerFactory for persistence unit 'default'
2024-10-28 [WARN] org.springframework.boot.web.servlet.context.AnnotationConfigServletWebServerApplicationContext [restartedMain] Exception encountered during context initialization - cancelling refresh attempt: org.springframework.beans.factory.UnsatisfiedDependencyException: Error creating bean with name 'challengeController' defined in file [C:\Users\Rishabh\Documents\Spring\duelly\target\classes\com\duelly\controllers\ChallengeController.class]: Unsatisfied dependency expressed through constructor parameter 0: No qualifying bean of type 'com.duelly.services.Challenge.ChallengeService' available: expected at least 1 bean which qualifies as autowire candidate. Dependency annotations: {}
2024-10-28 [INFO] org.springframework.orm.jpa.LocalContainerEntityManagerFactoryBean [restartedMain] Closing JPA EntityManagerFactory for persistence unit 'default'
2024-10-28 [INFO] com.zaxxer.hikari.HikariDataSource [restartedMain] HikariPool-78 - Shutdown initiated...
2024-10-28 [INFO] com.zaxxer.hikari.HikariDataSource [restartedMain] HikariPool-78 - Shutdown completed.
2024-10-28 [INFO] org.apache.catalina.core.StandardService [restartedMain] Stopping service [Tomcat]
2024-10-28 [INFO] org.springframework.boot.autoconfigure.logging.ConditionEvaluationReportLogger [restartedMain] 

Error starting ApplicationContext. To display the condition evaluation report re-run your application with 'debug' enabled.
2024-10-28 [ERROR] org.springframework.boot.diagnostics.LoggingFailureAnalysisReporter [restartedMain] 

***************************
APPLICATION FAILED TO START
***************************

Description:

Parameter 0 of constructor in com.duelly.controllers.ChallengeController required a bean of type 'com.duelly.services.Challenge.ChallengeService' that could not be found.


Action:

Consider defining a bean of type 'com.duelly.services.Challenge.ChallengeService' in your configuration.

2024-10-28 [INFO] com.duelly.DuellyApplication [restartedMain] Starting DuellyApplication using Java 21.0.1 with PID 16776 (C:\Users\Rishabh\Documents\Spring\duelly\target\classes started by Rishabh in C:\Users\Rishabh\Documents\Spring\duelly)
2024-10-28 [INFO] com.duelly.DuellyApplication [restartedMain] No active profile set, falling back to 1 default profile: "default"
2024-10-28 [INFO] org.springframework.data.repository.config.RepositoryConfigurationDelegate [restartedMain] Bootstrapping Spring Data JPA repositories in DEFAULT mode.
2024-10-28 [INFO] org.springframework.data.repository.config.RepositoryConfigurationDelegate [restartedMain] Finished Spring Data repository scanning in 1337 ms. Found 4 JPA repository interfaces.
2024-10-28 [INFO] org.springframework.boot.web.embedded.tomcat.TomcatWebServer [restartedMain] Tomcat initialized with port 9000 (http)
2024-10-28 [INFO] org.apache.catalina.core.StandardService [restartedMain] Starting service [Tomcat]
2024-10-28 [INFO] org.apache.catalina.core.StandardEngine [restartedMain] Starting Servlet engine: [Apache Tomcat/10.1.18]
2024-10-28 [INFO] org.apache.catalina.core.ContainerBase.[Tomcat-45].[localhost].[/] [restartedMain] Initializing Spring embedded WebApplicationContext
2024-10-28 [INFO] org.springframework.boot.web.servlet.context.ServletWebServerApplicationContext [restartedMain] Root WebApplicationContext: initialization completed in 6566 ms
2024-10-28 [INFO] org.hibernate.jpa.internal.util.LogHelper [restartedMain] HHH000204: Processing PersistenceUnitInfo [name: default]
2024-10-28 [INFO] org.hibernate.cache.internal.RegionFactoryInitiator [restartedMain] HHH000026: Second-level cache disabled
2024-10-28 [INFO] org.springframework.orm.jpa.persistenceunit.SpringPersistenceUnitInfo [restartedMain] No LoadTimeWeaver setup: ignoring JPA class transformer
2024-10-28 [INFO] com.zaxxer.hikari.HikariDataSource [restartedMain] HikariPool-79 - Starting...
2024-10-28 [INFO] com.zaxxer.hikari.pool.HikariPool [restartedMain] HikariPool-79 - Added connection com.mysql.cj.jdbc.ConnectionImpl@65a2057
2024-10-28 [INFO] com.zaxxer.hikari.HikariDataSource [restartedMain] HikariPool-79 - Start completed.
2024-10-28 [INFO] org.hibernate.engine.transaction.jta.platform.internal.JtaPlatformInitiator [restartedMain] HHH000489: No JTA platform available (set 'hibernate.transaction.jta.platform' to enable JTA platform integration)
2024-10-28 [INFO] org.springframework.orm.jpa.LocalContainerEntityManagerFactoryBean [restartedMain] Initialized JPA EntityManagerFactory for persistence unit 'default'
2024-10-28 [WARN] org.springframework.boot.web.servlet.context.AnnotationConfigServletWebServerApplicationContext [restartedMain] Exception encountered during context initialization - cancelling refresh attempt: org.springframework.beans.factory.UnsatisfiedDependencyException: Error creating bean with name 'challengeController' defined in file [C:\Users\Rishabh\Documents\Spring\duelly\target\classes\com\duelly\controllers\ChallengeController.class]: Unsatisfied dependency expressed through constructor parameter 0: No qualifying bean of type 'com.duelly.services.Challenge.ChallengeService' available: expected at least 1 bean which qualifies as autowire candidate. Dependency annotations: {}
2024-10-28 [INFO] org.springframework.orm.jpa.LocalContainerEntityManagerFactoryBean [restartedMain] Closing JPA EntityManagerFactory for persistence unit 'default'
2024-10-28 [INFO] com.zaxxer.hikari.HikariDataSource [restartedMain] HikariPool-79 - Shutdown initiated...
2024-10-28 [INFO] com.zaxxer.hikari.HikariDataSource [restartedMain] HikariPool-79 - Shutdown completed.
2024-10-28 [INFO] org.apache.catalina.core.StandardService [restartedMain] Stopping service [Tomcat]
2024-10-28 [INFO] org.springframework.boot.autoconfigure.logging.ConditionEvaluationReportLogger [restartedMain] 

Error starting ApplicationContext. To display the condition evaluation report re-run your application with 'debug' enabled.
2024-10-28 [ERROR] org.springframework.boot.diagnostics.LoggingFailureAnalysisReporter [restartedMain] 

***************************
APPLICATION FAILED TO START
***************************

Description:

Parameter 0 of constructor in com.duelly.controllers.ChallengeController required a bean of type 'com.duelly.services.Challenge.ChallengeService' that could not be found.


Action:

Consider defining a bean of type 'com.duelly.services.Challenge.ChallengeService' in your configuration.

2024-10-28 [INFO] com.duelly.DuellyApplication [restartedMain] Starting DuellyApplication using Java 21.0.1 with PID 16776 (C:\Users\Rishabh\Documents\Spring\duelly\target\classes started by Rishabh in C:\Users\Rishabh\Documents\Spring\duelly)
2024-10-28 [INFO] com.duelly.DuellyApplication [restartedMain] No active profile set, falling back to 1 default profile: "default"
2024-10-28 [INFO] org.springframework.data.repository.config.RepositoryConfigurationDelegate [restartedMain] Bootstrapping Spring Data JPA repositories in DEFAULT mode.
2024-10-28 [WARN] org.springframework.boot.web.servlet.context.AnnotationConfigServletWebServerApplicationContext [restartedMain] Exception encountered during context initialization - cancelling refresh attempt: java.lang.TypeNotPresentException: Type com.duelly.entities.Challenge not present
2024-10-28 [INFO] org.springframework.boot.autoconfigure.logging.ConditionEvaluationReportLogger [restartedMain] 

Error starting ApplicationContext. To display the condition evaluation report re-run your application with 'debug' enabled.
2024-10-28 [ERROR] org.springframework.boot.SpringApplication [restartedMain] Application run failed
java.lang.TypeNotPresentException: Type com.duelly.entities.Challenge not present
	at java.base/sun.reflect.generics.factory.CoreReflectionFactory.makeNamedType(CoreReflectionFactory.java:117) ~[na:na]
	at java.base/sun.reflect.generics.visitor.Reifier.visitClassTypeSignature(Reifier.java:125) ~[na:na]
	at java.base/sun.reflect.generics.tree.ClassTypeSignature.accept(ClassTypeSignature.java:49) ~[na:na]
	at java.base/sun.reflect.generics.visitor.Reifier.reifyTypeArguments(Reifier.java:68) ~[na:na]
	at java.base/sun.reflect.generics.visitor.Reifier.visitClassTypeSignature(Reifier.java:138) ~[na:na]
	at java.base/sun.reflect.generics.tree.ClassTypeSignature.accept(ClassTypeSignature.java:49) ~[na:na]
	at java.base/sun.reflect.generics.repository.ClassRepository.computeSuperInterfaces(ClassRepository.java:117) ~[na:na]
	at java.base/sun.reflect.generics.repository.ClassRepository.getSuperInterfaces(ClassRepository.java:95) ~[na:na]
	at java.base/java.lang.Class.getGenericInterfaces(Class.java:1296) ~[na:na]
	at org.springframework.core.ResolvableType.getInterfaces(ResolvableType.java:517) ~[spring-core-6.1.3.jar:6.1.3]
	at org.springframework.core.ResolvableType.as(ResolvableType.java:465) ~[spring-core-6.1.3.jar:6.1.3]
	at org.springframework.data.util.TypeDiscoverer.getSuperTypeInformation(TypeDiscoverer.java:254) ~[spring-data-commons-3.2.2.jar:3.2.2]
	at org.springframework.data.util.ClassTypeInformation.getSuperTypeInformation(ClassTypeInformation.java:36) ~[spring-data-commons-3.2.2.jar:3.2.2]
	at org.springframework.data.util.TypeInformation.getRequiredSuperTypeInformation(TypeInformation.java:327) ~[spring-data-commons-3.2.2.jar:3.2.2]
	at org.springframework.data.repository.core.support.DefaultRepositoryMetadata.<init>(DefaultRepositoryMetadata.java:55) ~[spring-data-commons-3.2.2.jar:3.2.2]
	at org.springframework.data.repository.core.support.AbstractRepositoryMetadata.getMetadata(AbstractRepositoryMetadata.java:77) ~[spring-data-commons-3.2.2.jar:3.2.2]
	at org.springframework.data.repository.config.RepositoryConfigurationExtensionSupport.getRepositoryConfigurations(RepositoryConfigurationExtensionSupport.java:91) ~[spring-data-commons-3.2.2.jar:3.2.2]
	at org.springframework.data.repository.config.RepositoryConfigurationDelegate.registerRepositoriesIn(RepositoryConfigurationDelegate.java:164) ~[spring-data-commons-3.2.2.jar:3.2.2]
	at org.springframework.boot.autoconfigure.data.AbstractRepositoryConfigurationSourceSupport.registerBeanDefinitions(AbstractRepositoryConfigurationSourceSupport.java:62) ~[spring-boot-autoconfigure-3.2.2.jar:3.2.2]
	at org.springframework.context.annotation.ConfigurationClassBeanDefinitionReader.lambda$loadBeanDefinitionsFromRegistrars$1(ConfigurationClassBeanDefinitionReader.java:376) ~[spring-context-6.1.3.jar:6.1.3]
	at java.base/java.util.LinkedHashMap.forEach(LinkedHashMap.java:986) ~[na:na]
	at org.springframework.context.annotation.ConfigurationClassBeanDefinitionReader.loadBeanDefinitionsFromRegistrars(ConfigurationClassBeanDefinitionReader.java:375) ~[spring-context-6.1.3.jar:6.1.3]
	at org.springframework.context.annotation.ConfigurationClassBeanDefinitionReader.loadBeanDefinitionsForConfigurationClass(ConfigurationClassBeanDefinitionReader.java:148) ~[spring-context-6.1.3.jar:6.1.3]
	at org.springframework.context.annotation.ConfigurationClassBeanDefinitionReader.loadBeanDefinitions(ConfigurationClassBeanDefinitionReader.java:120) ~[spring-context-6.1.3.jar:6.1.3]
	at org.springframework.context.annotation.ConfigurationClassPostProcessor.processConfigBeanDefinitions(ConfigurationClassPostProcessor.java:428) ~[spring-context-6.1.3.jar:6.1.3]
	at org.springframework.context.annotation.ConfigurationClassPostProcessor.postProcessBeanDefinitionRegistry(ConfigurationClassPostProcessor.java:289) ~[spring-context-6.1.3.jar:6.1.3]
	at org.springframework.context.support.PostProcessorRegistrationDelegate.invokeBeanDefinitionRegistryPostProcessors(PostProcessorRegistrationDelegate.java:349) ~[spring-context-6.1.3.jar:6.1.3]
	at org.springframework.context.support.PostProcessorRegistrationDelegate.invokeBeanFactoryPostProcessors(PostProcessorRegistrationDelegate.java:118) ~[spring-context-6.1.3.jar:6.1.3]
	at org.springframework.context.support.AbstractApplicationContext.invokeBeanFactoryPostProcessors(AbstractApplicationContext.java:788) ~[spring-context-6.1.3.jar:6.1.3]
	at org.springframework.context.support.AbstractApplicationContext.refresh(AbstractApplicationContext.java:606) ~[spring-context-6.1.3.jar:6.1.3]
	at org.springframework.boot.web.servlet.context.ServletWebServerApplicationContext.refresh(ServletWebServerApplicationContext.java:146) ~[spring-boot-3.2.2.jar:3.2.2]
	at org.springframework.boot.SpringApplication.refresh(SpringApplication.java:754) ~[spring-boot-3.2.2.jar:3.2.2]
	at org.springframework.boot.SpringApplication.refreshContext(SpringApplication.java:456) ~[spring-boot-3.2.2.jar:3.2.2]
	at org.springframework.boot.SpringApplication.run(SpringApplication.java:334) ~[spring-boot-3.2.2.jar:3.2.2]
	at org.springframework.boot.SpringApplication.run(SpringApplication.java:1354) ~[spring-boot-3.2.2.jar:3.2.2]
	at org.springframework.boot.SpringApplication.run(SpringApplication.java:1343) ~[spring-boot-3.2.2.jar:3.2.2]
	at com.duelly.DuellyApplication.main(DuellyApplication.java:10) ~[classes/:na]
	at java.base/jdk.internal.reflect.DirectMethodHandleAccessor.invoke(DirectMethodHandleAccessor.java:103) ~[na:na]
	at java.base/java.lang.reflect.Method.invoke(Method.java:580) ~[na:na]
	at org.springframework.boot.devtools.restart.RestartLauncher.run(RestartLauncher.java:50) ~[spring-boot-devtools-3.2.2.jar:3.2.2]
Caused by: java.lang.ClassNotFoundException: com.duelly.entities.Challenge
	at java.base/jdk.internal.loader.BuiltinClassLoader.loadClass(BuiltinClassLoader.java:641) ~[na:na]
	at java.base/jdk.internal.loader.ClassLoaders$AppClassLoader.loadClass(ClassLoaders.java:188) ~[na:na]
	at java.base/java.lang.ClassLoader.loadClass(ClassLoader.java:526) ~[na:na]
	at java.base/java.lang.Class.forName0(Native Method) ~[na:na]
	at java.base/java.lang.Class.forName(Class.java:534) ~[na:na]
	at java.base/java.lang.Class.forName(Class.java:513) ~[na:na]
	at org.springframework.boot.devtools.restart.classloader.RestartClassLoader.loadClass(RestartClassLoader.java:121) ~[spring-boot-devtools-3.2.2.jar:3.2.2]
	at java.base/java.lang.ClassLoader.loadClass(ClassLoader.java:526) ~[na:na]
	at java.base/java.lang.Class.forName0(Native Method) ~[na:na]
	at java.base/java.lang.Class.forName(Class.java:534) ~[na:na]
	at java.base/java.lang.Class.forName(Class.java:513) ~[na:na]
	at java.base/sun.reflect.generics.factory.CoreReflectionFactory.makeNamedType(CoreReflectionFactory.java:114) ~[na:na]
	... 39 common frames omitted
2024-10-28 [INFO] com.duelly.DuellyApplication [restartedMain] Starting DuellyApplication using Java 21.0.1 with PID 16776 (C:\Users\Rishabh\Documents\Spring\duelly\target\classes started by Rishabh in C:\Users\Rishabh\Documents\Spring\duelly)
2024-10-28 [INFO] com.duelly.DuellyApplication [restartedMain] No active profile set, falling back to 1 default profile: "default"
2024-10-28 [INFO] org.springframework.data.repository.config.RepositoryConfigurationDelegate [restartedMain] Bootstrapping Spring Data JPA repositories in DEFAULT mode.
2024-10-28 [INFO] org.springframework.data.repository.config.RepositoryConfigurationDelegate [restartedMain] Finished Spring Data repository scanning in 41 ms. Found 3 JPA repository interfaces.
2024-10-28 [INFO] org.springframework.boot.web.embedded.tomcat.TomcatWebServer [restartedMain] Tomcat initialized with port 9000 (http)
2024-10-28 [INFO] org.apache.catalina.core.StandardService [restartedMain] Starting service [Tomcat]
2024-10-28 [INFO] org.apache.catalina.core.StandardEngine [restartedMain] Starting Servlet engine: [Apache Tomcat/10.1.18]
2024-10-28 [INFO] org.apache.catalina.core.ContainerBase.[Tomcat-46].[localhost].[/] [restartedMain] Initializing Spring embedded WebApplicationContext
2024-10-28 [INFO] org.springframework.boot.web.servlet.context.ServletWebServerApplicationContext [restartedMain] Root WebApplicationContext: initialization completed in 507 ms
2024-10-28 [INFO] org.hibernate.jpa.internal.util.LogHelper [restartedMain] HHH000204: Processing PersistenceUnitInfo [name: default]
2024-10-28 [INFO] org.hibernate.cache.internal.RegionFactoryInitiator [restartedMain] HHH000026: Second-level cache disabled
2024-10-28 [INFO] org.springframework.orm.jpa.persistenceunit.SpringPersistenceUnitInfo [restartedMain] No LoadTimeWeaver setup: ignoring JPA class transformer
2024-10-28 [INFO] com.zaxxer.hikari.HikariDataSource [restartedMain] HikariPool-80 - Starting...
2024-10-28 [INFO] com.zaxxer.hikari.pool.HikariPool [restartedMain] HikariPool-80 - Added connection com.mysql.cj.jdbc.ConnectionImpl@f763c15
2024-10-28 [INFO] com.zaxxer.hikari.HikariDataSource [restartedMain] HikariPool-80 - Start completed.
2024-10-28 [INFO] org.hibernate.engine.transaction.jta.platform.internal.JtaPlatformInitiator [restartedMain] HHH000489: No JTA platform available (set 'hibernate.transaction.jta.platform' to enable JTA platform integration)
2024-10-28 [INFO] org.springframework.orm.jpa.LocalContainerEntityManagerFactoryBean [restartedMain] Initialized JPA EntityManagerFactory for persistence unit 'default'
2024-10-28 [WARN] org.springframework.boot.autoconfigure.orm.jpa.JpaBaseConfiguration$JpaWebConfiguration [restartedMain] spring.jpa.open-in-view is enabled by default. Therefore, database queries may be performed during view rendering. Explicitly configure spring.jpa.open-in-view to disable this warning
2024-10-28 [INFO] org.springframework.security.web.DefaultSecurityFilterChain [restartedMain] Will secure any request with [org.springframework.security.web.session.DisableEncodeUrlFilter@5c87cd56, org.springframework.security.web.context.request.async.WebAsyncManagerIntegrationFilter@eae556d, org.springframework.security.web.context.SecurityContextHolderFilter@2c7af20d, org.springframework.security.web.header.HeaderWriterFilter@4b541d45, org.springframework.security.web.authentication.logout.LogoutFilter@397d70c3, com.duelly.security.JwtAuthenticationFilter@5efb0824, org.springframework.security.web.savedrequest.RequestCacheAwareFilter@3dfe10d4, org.springframework.security.web.servletapi.SecurityContextHolderAwareRequestFilter@562b8c1b, org.springframework.security.web.authentication.AnonymousAuthenticationFilter@3f2b0fcf, org.springframework.security.web.session.SessionManagementFilter@4c3b0d1a, org.springframework.security.web.access.ExceptionTranslationFilter@1780d2a4, org.springframework.security.web.access.intercept.AuthorizationFilter@7e89ae4e]
2024-10-28 [INFO] org.springframework.boot.devtools.autoconfigure.OptionalLiveReloadServer [restartedMain] LiveReload server is running on port 35729
2024-10-28 [INFO] org.springframework.boot.web.embedded.tomcat.TomcatWebServer [restartedMain] Tomcat started on port 9000 (http) with context path ''
2024-10-28 [INFO] com.duelly.DuellyApplication [restartedMain] Started DuellyApplication in 2.481 seconds (process running for 41631.158)
2024-10-28 [INFO] org.springframework.boot.devtools.autoconfigure.ConditionEvaluationDeltaLoggingListener [restartedMain] Condition evaluation unchanged
2024-10-28 [INFO] org.springframework.boot.devtools.autoconfigure.LocalDevToolsAutoConfiguration$RestartingClassPathChangeChangedEventListener [File Watcher] Restarting due to 5 class path changes (5 additions, 0 deletions, 0 modifications)
2024-10-28 [INFO] org.springframework.orm.jpa.LocalContainerEntityManagerFactoryBean [Thread-275] Closing JPA EntityManagerFactory for persistence unit 'default'
2024-10-28 [INFO] com.zaxxer.hikari.HikariDataSource [Thread-275] HikariPool-80 - Shutdown initiated...
2024-10-28 [INFO] com.zaxxer.hikari.HikariDataSource [Thread-275] HikariPool-80 - Shutdown completed.
2024-10-28 [INFO] com.duelly.DuellyApplication [restartedMain] Starting DuellyApplication using Java 21.0.1 with PID 16776 (C:\Users\Rishabh\Documents\Spring\duelly\target\classes started by Rishabh in C:\Users\Rishabh\Documents\Spring\duelly)
2024-10-28 [INFO] com.duelly.DuellyApplication [restartedMain] No active profile set, falling back to 1 default profile: "default"
2024-10-28 [INFO] org.springframework.data.repository.config.RepositoryConfigurationDelegate [restartedMain] Bootstrapping Spring Data JPA repositories in DEFAULT mode.
2024-10-28 [INFO] org.springframework.data.repository.config.RepositoryConfigurationDelegate [restartedMain] Finished Spring Data repository scanning in 129 ms. Found 4 JPA repository interfaces.
2024-10-28 [INFO] org.springframework.boot.web.embedded.tomcat.TomcatWebServer [restartedMain] Tomcat initialized with port 9000 (http)
2024-10-28 [INFO] org.apache.catalina.core.StandardService [restartedMain] Starting service [Tomcat]
2024-10-28 [INFO] org.apache.catalina.core.StandardEngine [restartedMain] Starting Servlet engine: [Apache Tomcat/10.1.18]
2024-10-28 [INFO] org.apache.catalina.core.ContainerBase.[Tomcat-46].[localhost].[/] [restartedMain] Initializing Spring embedded WebApplicationContext
2024-10-28 [INFO] org.springframework.boot.web.servlet.context.ServletWebServerApplicationContext [restartedMain] Root WebApplicationContext: initialization completed in 2740 ms
2024-10-28 [INFO] org.hibernate.jpa.internal.util.LogHelper [restartedMain] HHH000204: Processing PersistenceUnitInfo [name: default]
2024-10-28 [INFO] org.hibernate.cache.internal.RegionFactoryInitiator [restartedMain] HHH000026: Second-level cache disabled
2024-10-28 [INFO] org.springframework.orm.jpa.persistenceunit.SpringPersistenceUnitInfo [restartedMain] No LoadTimeWeaver setup: ignoring JPA class transformer
2024-10-28 [INFO] com.zaxxer.hikari.HikariDataSource [restartedMain] HikariPool-81 - Starting...
2024-10-28 [INFO] com.zaxxer.hikari.pool.HikariPool [restartedMain] HikariPool-81 - Added connection com.mysql.cj.jdbc.ConnectionImpl@305cb64a
2024-10-28 [INFO] com.zaxxer.hikari.HikariDataSource [restartedMain] HikariPool-81 - Start completed.
2024-10-28 [INFO] org.hibernate.engine.transaction.jta.platform.internal.JtaPlatformInitiator [restartedMain] HHH000489: No JTA platform available (set 'hibernate.transaction.jta.platform' to enable JTA platform integration)
2024-10-28 [INFO] org.springframework.orm.jpa.LocalContainerEntityManagerFactoryBean [restartedMain] Initialized JPA EntityManagerFactory for persistence unit 'default'
2024-10-28 [WARN] org.springframework.boot.autoconfigure.orm.jpa.JpaBaseConfiguration$JpaWebConfiguration [restartedMain] spring.jpa.open-in-view is enabled by default. Therefore, database queries may be performed during view rendering. Explicitly configure spring.jpa.open-in-view to disable this warning
2024-10-28 [INFO] org.springframework.security.web.DefaultSecurityFilterChain [restartedMain] Will secure any request with [org.springframework.security.web.session.DisableEncodeUrlFilter@717b16, org.springframework.security.web.context.request.async.WebAsyncManagerIntegrationFilter@2fb20708, org.springframework.security.web.context.SecurityContextHolderFilter@76dbc1a6, org.springframework.security.web.header.HeaderWriterFilter@5adbed3a, org.springframework.security.web.authentication.logout.LogoutFilter@4fec1000, com.duelly.security.JwtAuthenticationFilter@541f1939, org.springframework.security.web.savedrequest.RequestCacheAwareFilter@52135af1, org.springframework.security.web.servletapi.SecurityContextHolderAwareRequestFilter@57a4cfb4, org.springframework.security.web.authentication.AnonymousAuthenticationFilter@28ab63cf, org.springframework.security.web.session.SessionManagementFilter@2002108d, org.springframework.security.web.access.ExceptionTranslationFilter@3ee341e5, org.springframework.security.web.access.intercept.AuthorizationFilter@7648b9e9]
2024-10-28 [INFO] org.springframework.boot.devtools.autoconfigure.OptionalLiveReloadServer [restartedMain] LiveReload server is running on port 35729
2024-10-28 [INFO] org.springframework.boot.web.embedded.tomcat.TomcatWebServer [restartedMain] Tomcat started on port 9000 (http) with context path ''
2024-10-28 [INFO] com.duelly.DuellyApplication [restartedMain] Started DuellyApplication in 7.223 seconds (process running for 41864.637)
2024-10-28 [INFO] org.springframework.boot.devtools.autoconfigure.ConditionEvaluationDeltaLoggingListener [restartedMain] Condition evaluation unchanged
2024-10-28 [INFO] org.apache.catalina.core.ContainerBase.[Tomcat-46].[localhost].[/] [http-nio-9000-exec-2] Initializing Spring DispatcherServlet 'dispatcherServlet'
2024-10-28 [INFO] org.springframework.web.servlet.DispatcherServlet [http-nio-9000-exec-2] Initializing Servlet 'dispatcherServlet'
2024-10-28 [INFO] org.springframework.web.servlet.DispatcherServlet [http-nio-9000-exec-2] Completed initialization in 5 ms
2024-10-28 [INFO] com.duelly.security.JwtAuthenticationFilter [http-nio-9000-exec-2] [USER] : true
2024-10-28 [WARN] org.springframework.web.servlet.mvc.method.annotation.ExceptionHandlerExceptionResolver [http-nio-9000-exec-2] Resolved [java.lang.IllegalArgumentException: Challenge name already exists]
2024-10-28 [INFO] com.duelly.security.JwtAuthenticationFilter [http-nio-9000-exec-3] [USER] : true
